This is pdfTeX, Version 3.14159265-2.6-1.40.15 (TeX Live 2014) (preloaded format=pdflatex 2014.8.4)  25 AUG 2014 09:48
entering extended mode
 restricted \write18 enabled.
 file:line:error style messages enabled.
 %&-line parsing enabled.
**ctbtitle.tex
(./ctbtitle.tex
LaTeX2e <2014/05/01>
Babel <3.9k> and hyphenation patterns for 79 languages loaded.
./ctbtitle.tex:1: Undefined control sequence.
l.1 \ThisULCornerWallPaper
                          {1.0}{./verticalbar.eps} % adds vertical bar for t...

? 
./ctbtitle.tex:1: Emergency stop.
l.1 \ThisULCornerWallPaper
                          {1.0}{./verticalbar.eps} % adds vertical bar for t...
End of file on the terminal!

 
Here is how much of TeX's memory you used:
 5 strings out of 493108
 131 string characters out of 6134848
 52957 words of memory out of 5000000
 3569 multiletter control sequences out of 15000+600000
 3640 words of font info for 14 fonts, out of 8000000 for 9000
 1141 hyphenation exceptions out of 8191
 5i,0n,1p,96b,8s stack positions out of 5000i,500n,10000p,200000b,80000s
./ctbtitle.tex:1:  ==> Fatal error occurred, no output PDF file produced!
